[ 2015-08-18T17:46:49+08:00 ] ::1 /conist2.0/
INFO: [ app_init ] --START--
INFO: Run Behavior\BuildLiteBehavior [ RunTime:0.000000s ]
INFO: [ app_init ] --END-- [ RunTime:0.001000s ]
INFO: [ app_begin ] --START--
INFO: Run Behavior\ReadHtmlCacheBehavior [ RunTime:0.000000s ]
INFO: Run Behavior\CheckLangBehavior [ RunTime:0.002000s ]
INFO: [ app_begin ] --END-- [ RunTime:0.002000s ]
INFO: [ view_parse ] --START--
NOTIC: [2] explode() expects parameter 2 to be string, array given D:\WWW\conist2.0\include\Library\Think\Template.class.php 第 169 行.
NOTIC: [2] Invalid argument supplied for foreach() D:\WWW\conist2.0\include\Library\Think\Template.class.php 第 170 行.
NOTIC: [2] explode() expects parameter 2 to be string, array given D:\WWW\conist2.0\include\Library\Think\Template.class.php 第 169 行.
NOTIC: [2] Invalid argument supplied for foreach() D:\WWW\conist2.0\include\Library\Think\Template.class.php 第 170 行.
NOTIC: [2] explode() expects parameter 2 to be string, array given D:\WWW\conist2.0\include\Library\Think\Template.class.php 第 169 行.
NOTIC: [2] Invalid argument supplied for foreach() D:\WWW\conist2.0\include\Library\Think\Template.class.php 第 170 行.
SQL: SHOW COLUMNS FROM `t_tag` [ RunTime:0.004000s ]
ERR: 1146:Table 'test.t_tag' doesn't exist
 [ SQL语句 ] : SHOW COLUMNS FROM `t_tag`
SQL: SELECT `content` FROM `t_tag` WHERE ( `lang` = 'zh-cn' ) AND ( `unique_id` = 'aboutus' ) LIMIT 1   [ RunTime:0.001000s ]
ERR: 1146:Table 'test.t_tag' doesn't exist
 [ SQL语句 ] : SELECT `content` FROM `t_tag` WHERE ( `lang` = 'zh-cn' ) AND ( `unique_id` = 'aboutus' ) LIMIT 1  
NOTIC: [8] Undefined index: limit D:\WWW\conist2.0\include\Library\Think\Template\TagLib\Weblock.class.php 第 88 行.
NOTIC: [8] Undefined index: limit D:\WWW\conist2.0\include\Library\Think\Template\TagLib\Weblock.class.php 第 88 行.
NOTIC: [8] Undefined index: limit D:\WWW\conist2.0\include\Library\Think\Template\TagLib\Weblock.class.php 第 88 行.
INFO: [ template_filter ] --START--
INFO: Run Behavior\ContentReplaceBehavior [ RunTime:0.000000s ]
INFO: [ template_filter ] --END-- [ RunTime:0.000000s ]
NOTIC: [8] Undefined variable: webtitle D:\WWW\conist2.0\Application\Runtime\Cache\Home\769e70f2e46f34ceb60619bbda5e4691.php 第 4 行.
NOTIC: [8] Undefined variable: info D:\WWW\conist2.0\Application\Runtime\Cache\Home\769e70f2e46f34ceb60619bbda5e4691.php 第 6 行.
NOTIC: [8] Undefined variable: info D:\WWW\conist2.0\Application\Runtime\Cache\Home\769e70f2e46f34ceb60619bbda5e4691.php 第 7 行.
SQL: SHOW COLUMNS FROM `t_nav` [ RunTime:0.003000s ]
ERR: 1146:Table 'test.t_nav' doesn't exist
 [ SQL语句 ] : SHOW COLUMNS FROM `t_nav`
SQL: SELECT * FROM `t_nav` WHERE ( lang='zh-cn'  AND type='top' AND parent_id=0 ) ORDER BY sort DESC  [ RunTime:0.000000s ]
ERR: 1146:Table 'test.t_nav' doesn't exist
 [ SQL语句 ] : SELECT * FROM `t_nav` WHERE ( lang='zh-cn'  AND type='top' AND parent_id=0 ) ORDER BY sort DESC 
NOTIC: [2] Invalid argument supplied for foreach() D:\WWW\conist2.0\Application\Runtime\Cache\Home\769e70f2e46f34ceb60619bbda5e4691.php 第 27 行.
NOTIC: [8] Undefined index: m D:\WWW\conist2.0\include\Common\functions.php 第 885 行.
NOTIC: [8] Undefined index: m D:\WWW\conist2.0\include\Common\functions.php 第 885 行.
SQL: SELECT * FROM `t_nav` WHERE ( lang='zh-cn'  AND type='middle' AND parent_id=0 ) ORDER BY sort DESC  [ RunTime:0.001000s ]
ERR: 1146:Table 'test.t_nav' doesn't exist
 [ SQL语句 ] : SELECT * FROM `t_nav` WHERE ( lang='zh-cn'  AND type='middle' AND parent_id=0 ) ORDER BY sort DESC 
NOTIC: [2] Invalid argument supplied for foreach() D:\WWW\conist2.0\Application\Runtime\Cache\Home\769e70f2e46f34ceb60619bbda5e4691.php 第 54 行.
NOTIC: [8] Undefined variable: ad_info D:\WWW\conist2.0\Application\Runtime\Cache\Home\769e70f2e46f34ceb60619bbda5e4691.php 第 71 行.
SQL: SHOW COLUMNS FROM `t_product` [ RunTime:0.003001s ]
ERR: 1146:Table 'test.t_product' doesn't exist
 [ SQL语句 ] : SHOW COLUMNS FROM `t_product`
SQL: SELECT `id`,`cid`,`title`,`update_time`,`status`,`published`,`image_id`,`psize`,`summary` FROM `t_product` WHERE ( is_recommend=1 AND status=1 AND lang='zh-cn' ) ORDER BY id DESC LIMIT 3   [ RunTime:0.001000s ]
ERR: 1146:Table 'test.t_product' doesn't exist
 [ SQL语句 ] : SELECT `id`,`cid`,`title`,`update_time`,`status`,`published`,`image_id`,`psize`,`summary` FROM `t_product` WHERE ( is_recommend=1 AND status=1 AND lang='zh-cn' ) ORDER BY id DESC LIMIT 3  
NOTIC: [2] Invalid argument supplied for foreach() D:\WWW\conist2.0\Application\Runtime\Cache\Home\769e70f2e46f34ceb60619bbda5e4691.php 第 80 行.
SQL: SHOW COLUMNS FROM `t_news` [ RunTime:0.003000s ]
ERR: 1146:Table 'test.t_news' doesn't exist
 [ SQL语句 ] : SHOW COLUMNS FROM `t_news`
SQL: SELECT `id`,`cid`,`title`,`update_time`,`image_id`,`status`,`published`,`summary` FROM `t_news` WHERE ( is_recommend=1 AND status=1 AND lang='zh-cn' ) ORDER BY id DESC LIMIT 6   [ RunTime:0.001000s ]
ERR: 1146:Table 'test.t_news' doesn't exist
 [ SQL语句 ] : SELECT `id`,`cid`,`title`,`update_time`,`image_id`,`status`,`published`,`summary` FROM `t_news` WHERE ( is_recommend=1 AND status=1 AND lang='zh-cn' ) ORDER BY id DESC LIMIT 6  
NOTIC: [2] Invalid argument supplied for foreach() D:\WWW\conist2.0\Application\Runtime\Cache\Home\769e70f2e46f34ceb60619bbda5e4691.php 第 98 行.
SQL: SELECT * FROM `t_nav` WHERE ( lang='zh-cn'  AND type='bottom' AND parent_id=0 ) ORDER BY sort DESC  [ RunTime:0.000000s ]
ERR: 1146:Table 'test.t_nav' doesn't exist
 [ SQL语句 ] : SELECT * FROM `t_nav` WHERE ( lang='zh-cn'  AND type='bottom' AND parent_id=0 ) ORDER BY sort DESC 
NOTIC: [2] Invalid argument supplied for foreach() D:\WWW\conist2.0\Application\Runtime\Cache\Home\769e70f2e46f34ceb60619bbda5e4691.php 第 145 行.
SQL: SHOW COLUMNS FROM `t_link` [ RunTime:0.004000s ]
ERR: 1146:Table 'test.t_link' doesn't exist
 [ SQL语句 ] : SHOW COLUMNS FROM `t_link`
SQL: SELECT * FROM `t_link` WHERE ( display=1 ) ORDER BY sort DESC LIMIT 6   [ RunTime:0.000000s ]
ERR: 1146:Table 'test.t_link' doesn't exist
 [ SQL语句 ] : SELECT * FROM `t_link` WHERE ( display=1 ) ORDER BY sort DESC LIMIT 6  
NOTIC: [2] Invalid argument supplied for foreach() D:\WWW\conist2.0\Application\Runtime\Cache\Home\769e70f2e46f34ceb60619bbda5e4691.php 第 157 行.
INFO: Run Behavior\ParseTemplateBehavior [ RunTime:0.115006s ]
INFO: [ view_parse ] --END-- [ RunTime:0.115006s ]
INFO: [ view_filter ] --START--
INFO: Run Behavior\WriteHtmlCacheBehavior [ RunTime:0.000000s ]
INFO: [ view_filter ] --END-- [ RunTime:0.000000s ]
INFO: [ app_end ] --START--
INFO: Run Behavior\ShowPageTraceBehavior [ RunTime:0.007001s ]
INFO: [ app_end ] --END-- [ RunTime:0.008001s ]

[ 2015-08-18T17:47:13+08:00 ] ::1 /conist2.0/index.php/conist
INFO: [ app_init ] --START--
INFO: Run Behavior\BuildLiteBehavior [ RunTime:0.000000s ]
INFO: [ app_init ] --END-- [ RunTime:0.001000s ]
INFO: [ app_begin ] --START--
INFO: Run Behavior\ReadHtmlCacheBehavior [ RunTime:0.001000s ]
INFO: [ app_begin ] --END-- [ RunTime:0.001000s ]

[ 2015-08-18T17:47:13+08:00 ] ::1 /conist2.0/index.php/conist/Public/index
INFO: [ app_init ] --START--
INFO: Run Behavior\BuildLiteBehavior [ RunTime:0.000000s ]
INFO: [ app_init ] --END-- [ RunTime:0.001000s ]
INFO: [ app_begin ] --START--
INFO: Run Behavior\ReadHtmlCacheBehavior [ RunTime:0.001000s ]
INFO: [ app_begin ] --END-- [ RunTime:0.001000s ]
INFO: [ view_parse ] --START--
INFO: [ template_filter ] --START--
INFO: Run Behavior\ContentReplaceBehavior [ RunTime:0.000000s ]
INFO: [ template_filter ] --END-- [ RunTime:0.000000s ]
INFO: Run Behavior\ParseTemplateBehavior [ RunTime:0.010001s ]
INFO: [ view_parse ] --END-- [ RunTime:0.010001s ]
INFO: [ view_filter ] --START--
INFO: Run Behavior\WriteHtmlCacheBehavior [ RunTime:0.000000s ]
INFO: Run Behavior\TokenBuildBehavior [ RunTime:0.001000s ]
INFO: [ view_filter ] --END-- [ RunTime:0.001000s ]
INFO: [ app_end ] --START--
INFO: Run Behavior\ShowPageTraceBehavior [ RunTime:0.001000s ]
INFO: [ app_end ] --END-- [ RunTime:0.001000s ]

[ 2015-08-18T17:47:14+08:00 ] ::1 /conist2.0/index.php/conist/Public/verify_code
INFO: [ app_init ] --START--
INFO: Run Behavior\BuildLiteBehavior [ RunTime:0.000000s ]
INFO: [ app_init ] --END-- [ RunTime:0.001000s ]
INFO: [ app_begin ] --START--
INFO: Run Behavior\ReadHtmlCacheBehavior [ RunTime:0.000000s ]
INFO: [ app_begin ] --END-- [ RunTime:0.000000s ]
INFO: [ app_end ] --START--
INFO: Run Behavior\ShowPageTraceBehavior [ RunTime:0.001000s ]
INFO: [ app_end ] --END-- [ RunTime:0.002001s ]

